<?xml version="1.0" encoding="UTF-8"?>
<testsuite xmlns:xsi="http://www.w3.org/2001/XMLSchema-instance" xsi:noNamespaceSchemaLocation="https://maven.apache.org/surefire/maven-surefire-plugin/xsd/surefire-test-report.xsd" name="com.zx.test.MyTest" time="5.342" tests="1" errors="0" skipped="0" failures="0">
  <properties>
    <property name="sun.desktop" value="windows"/>
    <property name="awt.toolkit" value="sun.awt.windows.WToolkit"/>
    <property name="file.encoding.pkg" value="sun.io"/>
    <property name="java.specification.version" value="1.8"/>
    <property name="sun.cpu.isalist" value="amd64"/>
    <property name="sun.jnu.encoding" value="GBK"/>
    <property name="java.class.path" value="E:\论文\毕业设计\part-time1\target\test-classes;E:\论文\毕业设计\part-time1\target\classes;D:\repository\org\mybatis\mybatis\3.4.5\mybatis-3.4.5.jar;D:\repository\mysql\mysql-connector-java\5.1.36\mysql-connector-java-5.1.36.jar;D:\repository\c3p0\c3p0\0.9.1.2\c3p0-0.9.1.2.jar;D:\repository\commons-dbcp\commons-dbcp\1.4\commons-dbcp-1.4.jar;D:\repository\commons-pool\commons-pool\1.5.4\commons-pool-1.5.4.jar;D:\repository\com\alibaba\druid\1.0.18\druid-1.0.18.jar;D:\Program Files\Java\jdk1.8.0_171\jre\..\lib\jconsole.jar;D:\Program Files\Java\jdk1.8.0_171\jre\..\lib\tools.jar;D:\repository\org\springframework\spring-jdbc\5.0.2.RELEASE\spring-jdbc-5.0.2.RELEASE.jar;D:\repository\org\springframework\spring-beans\5.0.2.RELEASE\spring-beans-5.0.2.RELEASE.jar;D:\repository\org\springframework\spring-core\5.0.2.RELEASE\spring-core-5.0.2.RELEASE.jar;D:\repository\org\springframework\spring-jcl\5.0.2.RELEASE\spring-jcl-5.0.2.RELEASE.jar;D:\repository\junit\junit\4.12\junit-4.12.jar;D:\repository\org\hamcrest\hamcrest-core\1.3\hamcrest-core-1.3.jar;D:\repository\log4j\log4j\1.2.17\log4j-1.2.17.jar;D:\repository\org\mybatis\mybatis-spring\1.3.1\mybatis-spring-1.3.1.jar;D:\repository\org\springframework\spring-context\5.0.2.RELEASE\spring-context-5.0.2.RELEASE.jar;D:\repository\org\springframework\spring-aop\5.0.2.RELEASE\spring-aop-5.0.2.RELEASE.jar;D:\repository\org\springframework\spring-expression\5.0.2.RELEASE\spring-expression-5.0.2.RELEASE.jar;D:\repository\org\springframework\spring-tx\5.0.2.RELEASE\spring-tx-5.0.2.RELEASE.jar;D:\repository\org\aspectj\aspectjweaver\1.8.9\aspectjweaver-1.8.9.jar;D:\repository\org\springframework\spring-webmvc\5.0.2.RELEASE\spring-webmvc-5.0.2.RELEASE.jar;D:\repository\org\springframework\spring-web\5.0.2.RELEASE\spring-web-5.0.2.RELEASE.jar;D:\repository\javax\servlet\servlet-api\2.5\servlet-api-2.5.jar;D:\repository\javax\servlet\jsp-api\2.0\jsp-api-2.0.jar;D:\repository\javax\servlet\jsp\jstl\javax.servlet.jsp.jstl-api\1.2.2\javax.servlet.jsp.jstl-api-1.2.2.jar;D:\repository\taglibs\standard\1.1.2\standard-1.1.2.jar;D:\repository\com\fasterxml\jackson\core\jackson-core\2.9.0\jackson-core-2.9.0.jar;D:\repository\com\fasterxml\jackson\core\jackson-databind\2.9.0\jackson-databind-2.9.0.jar;D:\repository\com\fasterxml\jackson\core\jackson-annotations\2.9.0\jackson-annotations-2.9.0.jar;D:\repository\commons-fileupload\commons-fileupload\1.3.2\commons-fileupload-1.3.2.jar;D:\repository\commons-io\commons-io\2.2\commons-io-2.2.jar;D:\repository\org\apache\tomcat\tomcat-servlet-api\7.0.37\tomcat-servlet-api-7.0.37.jar;D:\repository\org\springframework\spring-test\3.2.4.RELEASE\spring-test-3.2.4.RELEASE.jar;D:\repository\com\github\pagehelper\pagehelper\5.1.2\pagehelper-5.1.2.jar;D:\repository\com\github\jsqlparser\jsqlparser\1.0\jsqlparser-1.0.jar;"/>
    <property name="java.vm.vendor" value="Oracle Corporation"/>
    <property name="sun.arch.data.model" value="64"/>
    <property name="user.variant" value=""/>
    <property name="java.vendor.url" value="http://java.oracle.com/"/>
    <property name="user.timezone" value="Asia/Shanghai"/>
    <property name="java.vm.specification.version" value="1.8"/>
    <property name="os.name" value="Windows 10"/>
    <property name="user.country" value="CN"/>
    <property name="sun.java.launcher" value="SUN_STANDARD"/>
    <property name="sun.boot.library.path" value="D:\Program Files\Java\jdk1.8.0_171\jre\bin"/>
    <property name="sun.java.command" value="C:\Users\zhang\AppData\Local\Temp\surefire7846703699959655956\surefirebooter6479811522967150018.jar C:\Users\zhang\AppData\Local\Temp\surefire7846703699959655956 2022-04-12T20-48-02_675-jvmRun1 surefire1398863106619444919tmp surefire_05099860788080802344tmp"/>
    <property name="surefire.test.class.path" value="E:\论文\毕业设计\part-time1\target\test-classes;E:\论文\毕业设计\part-time1\target\classes;D:\repository\org\mybatis\mybatis\3.4.5\mybatis-3.4.5.jar;D:\repository\mysql\mysql-connector-java\5.1.36\mysql-connector-java-5.1.36.jar;D:\repository\c3p0\c3p0\0.9.1.2\c3p0-0.9.1.2.jar;D:\repository\commons-dbcp\commons-dbcp\1.4\commons-dbcp-1.4.jar;D:\repository\commons-pool\commons-pool\1.5.4\commons-pool-1.5.4.jar;D:\repository\com\alibaba\druid\1.0.18\druid-1.0.18.jar;D:\Program Files\Java\jdk1.8.0_171\jre\..\lib\jconsole.jar;D:\Program Files\Java\jdk1.8.0_171\jre\..\lib\tools.jar;D:\repository\org\springframework\spring-jdbc\5.0.2.RELEASE\spring-jdbc-5.0.2.RELEASE.jar;D:\repository\org\springframework\spring-beans\5.0.2.RELEASE\spring-beans-5.0.2.RELEASE.jar;D:\repository\org\springframework\spring-core\5.0.2.RELEASE\spring-core-5.0.2.RELEASE.jar;D:\repository\org\springframework\spring-jcl\5.0.2.RELEASE\spring-jcl-5.0.2.RELEASE.jar;D:\repository\junit\junit\4.12\junit-4.12.jar;D:\repository\org\hamcrest\hamcrest-core\1.3\hamcrest-core-1.3.jar;D:\repository\log4j\log4j\1.2.17\log4j-1.2.17.jar;D:\repository\org\mybatis\mybatis-spring\1.3.1\mybatis-spring-1.3.1.jar;D:\repository\org\springframework\spring-context\5.0.2.RELEASE\spring-context-5.0.2.RELEASE.jar;D:\repository\org\springframework\spring-aop\5.0.2.RELEASE\spring-aop-5.0.2.RELEASE.jar;D:\repository\org\springframework\spring-expression\5.0.2.RELEASE\spring-expression-5.0.2.RELEASE.jar;D:\repository\org\springframework\spring-tx\5.0.2.RELEASE\spring-tx-5.0.2.RELEASE.jar;D:\repository\org\aspectj\aspectjweaver\1.8.9\aspectjweaver-1.8.9.jar;D:\repository\org\springframework\spring-webmvc\5.0.2.RELEASE\spring-webmvc-5.0.2.RELEASE.jar;D:\repository\org\springframework\spring-web\5.0.2.RELEASE\spring-web-5.0.2.RELEASE.jar;D:\repository\javax\servlet\servlet-api\2.5\servlet-api-2.5.jar;D:\repository\javax\servlet\jsp-api\2.0\jsp-api-2.0.jar;D:\repository\javax\servlet\jsp\jstl\javax.servlet.jsp.jstl-api\1.2.2\javax.servlet.jsp.jstl-api-1.2.2.jar;D:\repository\taglibs\standard\1.1.2\standard-1.1.2.jar;D:\repository\com\fasterxml\jackson\core\jackson-core\2.9.0\jackson-core-2.9.0.jar;D:\repository\com\fasterxml\jackson\core\jackson-databind\2.9.0\jackson-databind-2.9.0.jar;D:\repository\com\fasterxml\jackson\core\jackson-annotations\2.9.0\jackson-annotations-2.9.0.jar;D:\repository\commons-fileupload\commons-fileupload\1.3.2\commons-fileupload-1.3.2.jar;D:\repository\commons-io\commons-io\2.2\commons-io-2.2.jar;D:\repository\org\apache\tomcat\tomcat-servlet-api\7.0.37\tomcat-servlet-api-7.0.37.jar;D:\repository\org\springframework\spring-test\3.2.4.RELEASE\spring-test-3.2.4.RELEASE.jar;D:\repository\com\github\pagehelper\pagehelper\5.1.2\pagehelper-5.1.2.jar;D:\repository\com\github\jsqlparser\jsqlparser\1.0\jsqlparser-1.0.jar;"/>
    <property name="sun.cpu.endian" value="little"/>
    <property name="user.home" value="C:\Users\zhang"/>
    <property name="user.language" value="zh"/>
    <property name="java.specification.vendor" value="Oracle Corporation"/>
    <property name="java.home" value="D:\Program Files\Java\jdk1.8.0_171\jre"/>
    <property name="basedir" value="E:\论文\毕业设计\part-time1"/>
    <property name="file.separator" value="\"/>
    <property name="line.separator" value="&#10;"/>
    <property name="java.vm.specification.vendor" value="Oracle Corporation"/>
    <property name="java.specification.name" value="Java Platform API Specification"/>
    <property name="java.awt.graphicsenv" value="sun.awt.Win32GraphicsEnvironment"/>
    <property name="surefire.real.class.path" value="C:\Users\zhang\AppData\Local\Temp\surefire7846703699959655956\surefirebooter6479811522967150018.jar"/>
    <property name="sun.boot.class.path" value="D:\Program Files\Java\jdk1.8.0_171\jre\lib\resources.jar;D:\Program Files\Java\jdk1.8.0_171\jre\lib\rt.jar;D:\Program Files\Java\jdk1.8.0_171\jre\lib\sunrsasign.jar;D:\Program Files\Java\jdk1.8.0_171\jre\lib\jsse.jar;D:\Program Files\Java\jdk1.8.0_171\jre\lib\jce.jar;D:\Program Files\Java\jdk1.8.0_171\jre\lib\charsets.jar;D:\Program Files\Java\jdk1.8.0_171\jre\lib\jfr.jar;D:\Program Files\Java\jdk1.8.0_171\jre\classes"/>
    <property name="user.script" value=""/>
    <property name="sun.management.compiler" value="HotSpot 64-Bit Tiered Compilers"/>
    <property name="java.runtime.version" value="1.8.0_171-b11"/>
    <property name="user.name" value="zhang"/>
    <property name="path.separator" value=";"/>
    <property name="os.version" value="10.0"/>
    <property name="java.endorsed.dirs" value="D:\Program Files\Java\jdk1.8.0_171\jre\lib\endorsed"/>
    <property name="java.runtime.name" value="Java(TM) SE Runtime Environment"/>
    <property name="file.encoding" value="GBK"/>
    <property name="java.vm.name" value="Java HotSpot(TM) 64-Bit Server VM"/>
    <property name="localRepository" value="D:\repository"/>
    <property name="java.vendor.url.bug" value="http://bugreport.sun.com/bugreport/"/>
    <property name="java.io.tmpdir" value="C:\Users\zhang\AppData\Local\Temp\"/>
    <property name="idea.version" value="2021.3.3"/>
    <property name="java.version" value="1.8.0_171"/>
    <property name="user.dir" value="E:\论文\毕业设计\part-time1"/>
    <property name="os.arch" value="amd64"/>
    <property name="java.vm.specification.name" value="Java Virtual Machine Specification"/>
    <property name="java.awt.printerjob" value="sun.awt.windows.WPrinterJob"/>
    <property name="sun.os.patch.level" value=""/>
    <property name="java.library.path" value="D:\Program Files\Java\jdk1.8.0_171\jre\bin;C:\WINDOWS\Sun\Java\bin;C:\WINDOWS\system32;C:\WINDOWS;C:\Program Files (x86)\Common Files\Oracle\Java\javapath;c:\Windows\System32;C:\WINDOWS\system32;C:\WINDOWS;C:\WINDOWS\System32\Wbem;C:\WINDOWS\System32\WindowsPowerShell\v1.0\;C:\WINDOWS\System32\OpenSSH\;D:\Program Files\Java\jdk1.8.0_171\bin;D:\Program Files\Java\jdk1.8.0_171\jre\bin;C:\Program Files\Microsoft SQL Server\120\Tools\Binn\;D:\Program Files\MySQL\MySQL Server 5.5\bin;D:\Program Files\Git\cmd;D:\apache-maven-3.5.2\bin;C:\Users\zhang\AppData\Local\Microsoft\WindowsApps;;."/>
    <property name="java.vm.info" value="mixed mode"/>
    <property name="java.vendor" value="Oracle Corporation"/>
    <property name="java.vm.version" value="25.171-b11"/>
    <property name="java.ext.dirs" value="D:\Program Files\Java\jdk1.8.0_171\jre\lib\ext;C:\WINDOWS\Sun\Java\lib\ext"/>
    <property name="sun.io.unicode.encoding" value="UnicodeLittle"/>
    <property name="maven.repo.local" value="D:\repository"/>
    <property name="java.class.version" value="52.0"/>
  </properties>
  <testcase name="test" classname="com.zx.test.MyTest" time="4.945"/>
</testsuite>